<?xml version="1.0" encoding="UTF-8"?>
<testsuite name="com.example.democloud.DemoCloudApplicationTests" tests="1" skipped="0" failures="0" errors="0" timestamp="2022-10-27T08:13:08" hostname="MacBook-Pro-3.local" time="0.325">
  <properties/>
  <testcase name="contextLoads()" classname="com.example.democloud.DemoCloudApplicationTests" time="0.325"/>
  <system-out><![CDATA[16:13:04.207 [Test worker] DEBUG org.springframework.test.context.BootstrapUtils - Instantiating CacheAwareContextLoaderDelegate from class [org.springframework.test.context.cache.DefaultCacheAwareContextLoaderDelegate]
16:13:04.216 [Test worker] DEBUG org.springframework.test.context.BootstrapUtils - Instantiating BootstrapContext using constructor [public org.springframework.test.context.support.DefaultBootstrapContext(java.lang.Class,org.springframework.test.context.CacheAwareContextLoaderDelegate)]
16:13:04.255 [Test worker] DEBUG org.springframework.test.context.BootstrapUtils - Instantiating TestContextBootstrapper for test class [com.example.democloud.DemoCloudApplicationTests] from class [org.springframework.boot.test.context.SpringBootTestContextBootstrapper]
16:13:04.267 [Test worker] INFO org.springframework.boot.test.context.SpringBootTestContextBootstrapper - Neither @ContextConfiguration nor @ContextHierarchy found for test class [com.example.democloud.DemoCloudApplicationTests], using SpringBootContextLoader
16:13:04.271 [Test worker] DEBUG org.springframework.test.context.support.AbstractContextLoader - Did not detect default resource location for test class [com.example.democloud.DemoCloudApplicationTests]: class path resource [com/example/democloud/DemoCloudApplicationTests-context.xml] does not exist
16:13:04.271 [Test worker] DEBUG org.springframework.test.context.support.AbstractContextLoader - Did not detect default resource location for test class [com.example.democloud.DemoCloudApplicationTests]: class path resource [com/example/democloud/DemoCloudApplicationTestsContext.groovy] does not exist
16:13:04.272 [Test worker] INFO org.springframework.test.context.support.AbstractContextLoader - Could not detect default resource locations for test class [com.example.democloud.DemoCloudApplicationTests]: no resource found for suffixes {-context.xml, Context.groovy}.
16:13:04.272 [Test worker] INFO org.springframework.test.context.support.AnnotationConfigContextLoaderUtils - Could not detect default configuration classes for test class [com.example.democloud.DemoCloudApplicationTests]: DemoCloudApplicationTests does not declare any static, non-private, non-final, nested classes annotated with @Configuration.
16:13:04.312 [Test worker] DEBUG org.springframework.test.context.support.ActiveProfilesUtils - Could not find an 'annotation declaring class' for annotation type [org.springframework.test.context.ActiveProfiles] and class [com.example.democloud.DemoCloudApplicationTests]
16:13:04.367 [Test worker] DEBUG org.springframework.context.annotation.ClassPathScanningCandidateComponentProvider - Identified candidate component class: file [/Users/zhanglike/src/spring-in-action-kotlin/ch4/cassandra/build/classes/kotlin/main/com/example/democloud/DemoCloudApplication.class]
16:13:04.385 [Test worker] INFO org.springframework.boot.test.context.SpringBootTestContextBootstrapper - Found @SpringBootConfiguration com.example.democloud.DemoCloudApplication for test class com.example.democloud.DemoCloudApplicationTests
16:13:04.470 [Test worker] DEBUG org.springframework.boot.test.context.SpringBootTestContextBootstrapper - @TestExecutionListeners is not present for class [com.example.democloud.DemoCloudApplicationTests]: using defaults.
16:13:04.470 [Test worker] INFO org.springframework.boot.test.context.SpringBootTestContextBootstrapper - Loaded default TestExecutionListener class names from location [META-INF/spring.factories]: [org.springframework.boot.test.autoconfigure.restdocs.RestDocsTestExecutionListener, org.springframework.boot.test.autoconfigure.web.client.MockRestServiceServerResetTestExecutionListener, org.springframework.boot.test.autoconfigure.web.servlet.MockMvcPrintOnlyOnFailureTestExecutionListener, org.springframework.boot.test.autoconfigure.web.servlet.WebDriverTestExecutionListener, org.springframework.boot.test.autoconfigure.webservices.client.MockWebServiceServerTestExecutionListener, org.springframework.boot.test.mock.mockito.MockitoTestExecutionListener, org.springframework.boot.test.mock.mockito.ResetMocksTestExecutionListener, org.springframework.test.context.web.ServletTestExecutionListener, org.springframework.test.context.support.DirtiesContextBeforeModesTestExecutionListener, org.springframework.test.context.event.ApplicationEventsTestExecutionListener, org.springframework.test.context.support.DependencyInjectionTestExecutionListener, org.springframework.test.context.support.DirtiesContextTestExecutionListener, org.springframework.test.context.transaction.TransactionalTestExecutionListener, org.springframework.test.context.jdbc.SqlScriptsTestExecutionListener, org.springframework.test.context.event.EventPublishingTestExecutionListener]
16:13:04.487 [Test worker] INFO org.springframework.boot.test.context.SpringBootTestContextBootstrapper - Using TestExecutionListeners: [org.springframework.test.context.web.ServletTestExecutionListener@2cac4385, org.springframework.test.context.support.DirtiesContextBeforeModesTestExecutionListener@6731787b, org.springframework.test.context.event.ApplicationEventsTestExecutionListener@16f7b4af, org.springframework.boot.test.mock.mockito.MockitoTestExecutionListener@7adf16aa, org.springframework.boot.test.autoconfigure.SpringBootDependencyInjectionTestExecutionListener@34a1d21f, org.springframework.test.context.support.DirtiesContextTestExecutionListener@58bf8650, org.springframework.test.context.transaction.TransactionalTestExecutionListener@73c60324, org.springframework.test.context.jdbc.SqlScriptsTestExecutionListener@71ae31b0, org.springframework.test.context.event.EventPublishingTestExecutionListener@4ba534b0, org.springframework.boot.test.autoconfigure.restdocs.RestDocsTestExecutionListener@6f0ca692, org.springframework.boot.test.autoconfigure.web.client.MockRestServiceServerResetTestExecutionListener@2c104774, org.springframework.boot.test.autoconfigure.web.servlet.MockMvcPrintOnlyOnFailureTestExecutionListener@2cb3d0f7, org.springframework.boot.test.autoconfigure.web.servlet.WebDriverTestExecutionListener@4e517165, org.springframework.boot.test.autoconfigure.webservices.client.MockWebServiceServerTestExecutionListener@44e3760b, org.springframework.boot.test.mock.mockito.ResetMocksTestExecutionListener@6a66a204]
16:13:04.490 [Test worker] DEBUG org.springframework.test.context.support.AbstractDirtiesContextTestExecutionListener - Before test class: context [DefaultTestContext@f6c03cb testClass = DemoCloudApplicationTests, testInstance = [null], testMethod = [null], testException = [null], mergedContextConfiguration = [WebMergedContextConfiguration@46f699d5 testClass = DemoCloudApplicationTests, locations = '{}', classes = '{class com.example.democloud.DemoCloudApplication}', contextInitializerClasses = '[]', activeProfiles = '{}', propertySourceLocations = '{}', propertySourceProperties = '{org.springframework.boot.test.context.SpringBootTestContextBootstrapper=true}', contextCustomizers = set[org.springframework.boot.test.autoconfigure.actuate.metrics.MetricsExportContextCustomizerFactory$DisableMetricExportContextCustomizer@524f3b3a, org.springframework.boot.test.autoconfigure.properties.PropertyMappingContextCustomizer@0, org.springframework.boot.test.autoconfigure.web.servlet.WebDriverContextCustomizerFactory$Customizer@24ba9639, org.springframework.boot.test.context.filter.ExcludeFilterContextCustomizer@6bffbc6d, org.springframework.boot.test.json.DuplicateJsonObjectContextCustomizerFactory$DuplicateJsonObjectContextCustomizer@39a2bb97, org.springframework.boot.test.mock.mockito.MockitoContextCustomizer@0, org.springframework.boot.test.web.client.TestRestTemplateContextCustomizer@3fc9504b, org.springframework.boot.test.context.SpringBootTestArgs@1, org.springframework.boot.test.context.SpringBootTestWebEnvironment@11fc564b], resourceBasePath = 'src/main/webapp', contextLoader = 'org.springframework.boot.test.context.SpringBootContextLoader', parent = [null]], attributes = map['org.springframework.test.context.web.ServletTestExecutionListener.activateListener' -> true]], class annotated with @DirtiesContext [false] with mode [null].

  .   ____          _            __ _ _
 /\\ / ___'_ __ _ _(_)_ __  __ _ \ \ \ \
( ( )\___ | '_ | '_| | '_ \/ _` | \ \ \ \
 \\/  ___)| |_)| | | | | || (_| |  ) ) ) )
  '  |____| .__|_| |_|_| |_\__, | / / / /
 =========|_|==============|___/=/_/_/_/
 :: Spring Boot ::                (v2.7.4)

2022-10-27 16:13:04.781  INFO 40114 --- [    Test worker] c.e.democloud.DemoCloudApplicationTests  : Starting DemoCloudApplicationTests using Java 17.0.4.1 on MacBook-Pro-3.local with PID 40114 (started by zhanglike in /Users/zhanglike/src/spring-in-action-kotlin/ch4/cassandra)
2022-10-27 16:13:04.782  INFO 40114 --- [    Test worker] c.e.democloud.DemoCloudApplicationTests  : No active profile set, falling back to 1 default profile: "default"
2022-10-27 16:13:05.371  INFO 40114 --- [    Test worker] .s.d.r.c.RepositoryConfigurationDelegate : Bootstrapping Spring Data Reactive Cassandra repositories in DEFAULT mode.
2022-10-27 16:13:05.398  INFO 40114 --- [    Test worker] .s.d.r.c.RepositoryConfigurationDelegate : Finished Spring Data repository scanning in 22 ms. Found 0 Reactive Cassandra repository interfaces.
2022-10-27 16:13:05.401  INFO 40114 --- [    Test worker] .s.d.r.c.RepositoryConfigurationDelegate : Bootstrapping Spring Data Cassandra repositories in DEFAULT mode.
2022-10-27 16:13:05.417  INFO 40114 --- [    Test worker] .s.d.r.c.RepositoryConfigurationDelegate : Finished Spring Data repository scanning in 15 ms. Found 2 Cassandra repository interfaces.
2022-10-27 16:13:05.894  INFO 40114 --- [    Test worker] c.d.o.d.i.core.DefaultMavenCoordinates   : DataStax Java driver for Apache Cassandra(R) (com.datastax.oss:java-driver-core) version 4.14.1
2022-10-27 16:13:06.479  INFO 40114 --- [     s0-admin-0] c.d.oss.driver.internal.core.time.Clock  : Using native clock for microsecond precision
2022-10-27 16:13:08.212  INFO 40114 --- [    Test worker] c.e.democloud.DemoCloudApplicationTests  : Started DemoCloudApplicationTests in 3.684 seconds (JVM running for 4.751)
]]></system-out>
  <system-err><![CDATA[]]></system-err>
</testsuite>
