<?xml version="1.0" encoding="UTF-8"?>
<testsuite name="com.example.democloud.HomeControllerTests" tests="1" skipped="0" failures="0" errors="0" timestamp="2022-10-27T08:13:09" hostname="MacBook-Pro-3.local" time="0.3">
  <properties/>
  <testcase name="testHomepage()" classname="com.example.democloud.HomeControllerTests" time="0.3"/>
  <system-out><![CDATA[2022-10-27 16:13:08.567  INFO 40114 --- [    Test worker] .b.t.a.w.s.WebMvcTestContextBootstrapper : Neither @ContextConfiguration nor @ContextHierarchy found for test class [com.example.democloud.HomeControllerTests], using SpringBootContextLoader
2022-10-27 16:13:08.568  INFO 40114 --- [    Test worker] o.s.t.c.support.AbstractContextLoader    : Could not detect default resource locations for test class [com.example.democloud.HomeControllerTests]: no resource found for suffixes {-context.xml, Context.groovy}.
2022-10-27 16:13:08.568  INFO 40114 --- [    Test worker] t.c.s.AnnotationConfigContextLoaderUtils : Could not detect default configuration classes for test class [com.example.democloud.HomeControllerTests]: HomeControllerTests does not declare any static, non-private, non-final, nested classes annotated with @Configuration.
2022-10-27 16:13:08.581  INFO 40114 --- [    Test worker] .b.t.c.SpringBootTestContextBootstrapper : Found @SpringBootConfiguration com.example.democloud.DemoCloudApplication for test class com.example.democloud.HomeControllerTests
2022-10-27 16:13:08.583  INFO 40114 --- [    Test worker] .b.t.a.w.s.WebMvcTestContextBootstrapper : Loaded default TestExecutionListener class names from location [META-INF/spring.factories]: [org.springframework.boot.test.autoconfigure.restdocs.RestDocsTestExecutionListener, org.springframework.boot.test.autoconfigure.web.client.MockRestServiceServerResetTestExecutionListener, org.springframework.boot.test.autoconfigure.web.servlet.MockMvcPrintOnlyOnFailureTestExecutionListener, org.springframework.boot.test.autoconfigure.web.servlet.WebDriverTestExecutionListener, org.springframework.boot.test.autoconfigure.webservices.client.MockWebServiceServerTestExecutionListener, org.springframework.boot.test.mock.mockito.MockitoTestExecutionListener, org.springframework.boot.test.mock.mockito.ResetMocksTestExecutionListener, org.springframework.test.context.web.ServletTestExecutionListener, org.springframework.test.context.support.DirtiesContextBeforeModesTestExecutionListener, org.springframework.test.context.event.ApplicationEventsTestExecutionListener, org.springframework.test.context.support.DependencyInjectionTestExecutionListener, org.springframework.test.context.support.DirtiesContextTestExecutionListener, org.springframework.test.context.transaction.TransactionalTestExecutionListener, org.springframework.test.context.jdbc.SqlScriptsTestExecutionListener, org.springframework.test.context.event.EventPublishingTestExecutionListener]
2022-10-27 16:13:08.583  INFO 40114 --- [    Test worker] .b.t.a.w.s.WebMvcTestContextBootstrapper : Using TestExecutionListeners: [org.springframework.test.context.web.ServletTestExecutionListener@2c465259, org.springframework.test.context.support.DirtiesContextBeforeModesTestExecutionListener@52f7fa65, org.springframework.test.context.event.ApplicationEventsTestExecutionListener@62c6db99, org.springframework.boot.test.mock.mockito.MockitoTestExecutionListener@7bfcc108, org.springframework.boot.test.autoconfigure.SpringBootDependencyInjectionTestExecutionListener@65b680b4, org.springframework.test.context.support.DirtiesContextTestExecutionListener@87f6ab5, org.springframework.test.context.transaction.TransactionalTestExecutionListener@5c316230, org.springframework.test.context.jdbc.SqlScriptsTestExecutionListener@41581c3f, org.springframework.test.context.event.EventPublishingTestExecutionListener@10ba9780, org.springframework.boot.test.autoconfigure.restdocs.RestDocsTestExecutionListener@63636de0, org.springframework.boot.test.autoconfigure.web.client.MockRestServiceServerResetTestExecutionListener@3494a35e, org.springframework.boot.test.autoconfigure.web.servlet.MockMvcPrintOnlyOnFailureTestExecutionListener@352ce817, org.springframework.boot.test.autoconfigure.web.servlet.WebDriverTestExecutionListener@716e6fa5, org.springframework.boot.test.autoconfigure.webservices.client.MockWebServiceServerTestExecutionListener@91a1005, org.springframework.boot.test.mock.mockito.ResetMocksTestExecutionListener@1885dc2b]

  .   ____          _            __ _ _
 /\\ / ___'_ __ _ _(_)_ __  __ _ \ \ \ \
( ( )\___ | '_ | '_| | '_ \/ _` | \ \ \ \
 \\/  ___)| |_)| | | | | || (_| |  ) ) ) )
  '  |____| .__|_| |_|_| |_\__, | / / / /
 =========|_|==============|___/=/_/_/_/
 :: Spring Boot ::                (v2.7.4)

2022-10-27 16:13:08.606  INFO 40114 --- [    Test worker] c.example.democloud.HomeControllerTests  : Starting HomeControllerTests using Java 17.0.4.1 on MacBook-Pro-3.local with PID 40114 (started by zhanglike in /Users/zhanglike/src/spring-in-action-kotlin/ch4/cassandra)
2022-10-27 16:13:08.606  INFO 40114 --- [    Test worker] c.example.democloud.HomeControllerTests  : No active profile set, falling back to 1 default profile: "default"
2022-10-27 16:13:09.047  INFO 40114 --- [    Test worker] o.s.b.t.m.w.SpringBootMockServletContext : Initializing Spring TestDispatcherServlet ''
2022-10-27 16:13:09.047  INFO 40114 --- [    Test worker] o.s.t.web.servlet.TestDispatcherServlet  : Initializing Servlet ''
2022-10-27 16:13:09.048  INFO 40114 --- [    Test worker] o.s.t.web.servlet.TestDispatcherServlet  : Completed initialization in 1 ms
2022-10-27 16:13:09.058  INFO 40114 --- [    Test worker] c.example.democloud.HomeControllerTests  : Started HomeControllerTests in 0.471 seconds (JVM running for 5.597)
]]></system-out>
  <system-err><![CDATA[]]></system-err>
</testsuite>
