<?xml version="1.0" encoding="UTF-8"?>
<testsuite name="com.example.democloud.HomeControllerTests" tests="1" skipped="0" failures="0" errors="0" timestamp="2022-10-27T09:10:11" hostname="MacBook-Pro-3.local" time="0.469">
  <properties/>
  <testcase name="testHomepage()" classname="com.example.democloud.HomeControllerTests" time="0.469"/>
  <system-out><![CDATA[2022-10-27 17:10:10.637  INFO 53444 --- [    Test worker] .b.t.a.w.s.WebMvcTestContextBootstrapper : Neither @ContextConfiguration nor @ContextHierarchy found for test class [com.example.democloud.HomeControllerTests], using SpringBootContextLoader
2022-10-27 17:10:10.637  INFO 53444 --- [    Test worker] o.s.t.c.support.AbstractContextLoader    : Could not detect default resource locations for test class [com.example.democloud.HomeControllerTests]: no resource found for suffixes {-context.xml, Context.groovy}.
2022-10-27 17:10:10.638  INFO 53444 --- [    Test worker] t.c.s.AnnotationConfigContextLoaderUtils : Could not detect default configuration classes for test class [com.example.democloud.HomeControllerTests]: HomeControllerTests does not declare any static, non-private, non-final, nested classes annotated with @Configuration.
2022-10-27 17:10:10.653  INFO 53444 --- [    Test worker] .b.t.c.SpringBootTestContextBootstrapper : Found @SpringBootConfiguration com.example.democloud.DemoCloudApplication for test class com.example.democloud.HomeControllerTests
2022-10-27 17:10:10.654  INFO 53444 --- [    Test worker] .b.t.a.w.s.WebMvcTestContextBootstrapper : Loaded default TestExecutionListener class names from location [META-INF/spring.factories]: [org.springframework.boot.test.autoconfigure.restdocs.RestDocsTestExecutionListener, org.springframework.boot.test.autoconfigure.web.client.MockRestServiceServerResetTestExecutionListener, org.springframework.boot.test.autoconfigure.web.servlet.MockMvcPrintOnlyOnFailureTestExecutionListener, org.springframework.boot.test.autoconfigure.web.servlet.WebDriverTestExecutionListener, org.springframework.boot.test.autoconfigure.webservices.client.MockWebServiceServerTestExecutionListener, org.springframework.boot.test.mock.mockito.MockitoTestExecutionListener, org.springframework.boot.test.mock.mockito.ResetMocksTestExecutionListener, org.springframework.test.context.web.ServletTestExecutionListener, org.springframework.test.context.support.DirtiesContextBeforeModesTestExecutionListener, org.springframework.test.context.event.ApplicationEventsTestExecutionListener, org.springframework.test.context.support.DependencyInjectionTestExecutionListener, org.springframework.test.context.support.DirtiesContextTestExecutionListener, org.springframework.test.context.transaction.TransactionalTestExecutionListener, org.springframework.test.context.jdbc.SqlScriptsTestExecutionListener, org.springframework.test.context.event.EventPublishingTestExecutionListener]
2022-10-27 17:10:10.655  INFO 53444 --- [    Test worker] .b.t.a.w.s.WebMvcTestContextBootstrapper : Using TestExecutionListeners: [org.springframework.test.context.web.ServletTestExecutionListener@6c19769c, org.springframework.test.context.support.DirtiesContextBeforeModesTestExecutionListener@434d001d, org.springframework.test.context.event.ApplicationEventsTestExecutionListener@36453773, org.springframework.boot.test.mock.mockito.MockitoTestExecutionListener@4db16677, org.springframework.boot.test.autoconfigure.SpringBootDependencyInjectionTestExecutionListener@6abb44cb, org.springframework.test.context.support.DirtiesContextTestExecutionListener@41ddec69, org.springframework.test.context.transaction.TransactionalTestExecutionListener@5e3cb58e, org.springframework.test.context.jdbc.SqlScriptsTestExecutionListener@18f8e2e0, org.springframework.test.context.event.EventPublishingTestExecutionListener@28d56028, org.springframework.boot.test.autoconfigure.restdocs.RestDocsTestExecutionListener@6c56fff, org.springframework.boot.test.autoconfigure.web.client.MockRestServiceServerResetTestExecutionListener@3dee3a6c, org.springframework.boot.test.autoconfigure.web.servlet.MockMvcPrintOnlyOnFailureTestExecutionListener@62de20d3, org.springframework.boot.test.autoconfigure.web.servlet.WebDriverTestExecutionListener@6109d880, org.springframework.boot.test.autoconfigure.webservices.client.MockWebServiceServerTestExecutionListener@4c9ef9c9, org.springframework.boot.test.mock.mockito.ResetMocksTestExecutionListener@6f976c]

  .   ____          _            __ _ _
 /\\ / ___'_ __ _ _(_)_ __  __ _ \ \ \ \
( ( )\___ | '_ | '_| | '_ \/ _` | \ \ \ \
 \\/  ___)| |_)| | | | | || (_| |  ) ) ) )
  '  |____| .__|_| |_|_| |_\__, | / / / /
 =========|_|==============|___/=/_/_/_/
 :: Spring Boot ::                (v2.7.4)

2022-10-27 17:10:10.691  INFO 53444 --- [    Test worker] c.example.democloud.HomeControllerTests  : Starting HomeControllerTests using Java 17.0.4.1 on MacBook-Pro-3.local with PID 53444 (started by zhanglike in /Users/zhanglike/src/spring-in-action-kotlin/ch4/mongo)
2022-10-27 17:10:10.691  INFO 53444 --- [    Test worker] c.example.democloud.HomeControllerTests  : No active profile set, falling back to 1 default profile: "default"
2022-10-27 17:10:11.064  INFO 53444 --- [    Test worker] o.s.b.t.m.w.SpringBootMockServletContext : Initializing Spring TestDispatcherServlet ''
2022-10-27 17:10:11.064  INFO 53444 --- [    Test worker] o.s.t.web.servlet.TestDispatcherServlet  : Initializing Servlet ''
2022-10-27 17:10:11.065  INFO 53444 --- [    Test worker] o.s.t.web.servlet.TestDispatcherServlet  : Completed initialization in 1 ms
2022-10-27 17:10:11.078  INFO 53444 --- [    Test worker] c.example.democloud.HomeControllerTests  : Started HomeControllerTests in 0.416 seconds (JVM running for 4.905)
]]></system-out>
  <system-err><![CDATA[]]></system-err>
</testsuite>
